["```py\npython3 -m venv venv\nsource venv/bin/activate \n```", "```py\npip install pytest\n```", "```py\npytest_demo/\n│\n├── src/\n│   ├── __init__.py\n│   ├── sorting.py\n│\n├── tests/\n│   ├── __init__.py\n│   ├── test_sorting.py\n│\n├── venv/\n```", "```py\n# src/sorting.py\n\ndef bubble_sort(arr):\n    for n in range(len(arr)-1, 0, -1):\n        for i in range(n):\n            if arr[i] > arr[i + 1]:\n                arr[i], arr[i + 1] = arr[i + 1], arr[i]\n\n\treturn arr\n```", "```py\n# tests/test_sorting.py\n\nimport pytest\nfrom src.sorting import bubble_sort\n\ndef test_always_passes():\n\tassert True\n\ndef test_always_fails():\n\tassert False\n\ndef test_sorting():\n\tassert bubble_sort([2,3,1,6,4,5,9,8,7]) == [1,2,3,4,5,6,7,8,9]\n```", "```py\npytest tests/\n```", "```py\n===================================================================    \ntest session starts ====================================================================\nplatform darwin -- Python 3.11.4, pytest-8.1.1, pluggy-1.5.0\nrootdir: /pytest_demo/\ncollected 3 items                                                                                                                                     \t \n\ntests/test_sorting.py .F.                                                                                                                     [100%]\n\n========================================================================= FAILURES\n=========================================================================\n____________________________________________________________________ test_always_fails _____________________________________________________________________\n\n\tdef test_always_fails():\n>   \tassert False\nE   \tassert False\n\ntests/test_sorting.py:22: AssertionError\n=================================================================      short test summary info ==================================================================\nFAILED tests/test_sorting.py::test_always_fails - assert False\n===============================================================         \n1 failed, 2 passed in 0.02s ================================================================\n```", "```py\n@pytest.mark.parametrize(\n\t\"input_list, expected_output\",\n\t[\n    \t    ([], []),\n    \t    ([1], [1]),\n    \t    ([53,351,23,12], [12,23,53,351]),\n    \t    ([-4,-6,1,0,-2], [-6,-4,-2,0,1])\n\t]\n)\ndef test_sorting(input_list, expected_output):\n\tassert bubble_sort(input_list) == expected_output\n```", "```py\n===================================================================\n test session starts \n====================================================================\nplatform darwin -- Python 3.11.4, pytest-8.1.1, pluggy-1.5.0\nrootdir: /pytest_demo\ncollected 6 items                                                                                                                                     \t \n\ntests/test_sorting.py .F....                                                                                                                     \t[100%]\n\n=======================================================================\nFAILURES ========================================================================\n____________________________________________________________________ test_always_fails _____________________________________________________________________\n\n\tdef test_always_fails():\n>   \tassert False\nE   \tassert False\n\ntests/test_sorting.py:11: AssertionError\n================================================================= \nshort test summary info ==================================================================\nFAILED tests/test_sorting.py::test_always_fails - assert False\n=============================================================== \n1 failed, 5 passed in 0.03s ================================================================\n```"]