["```py\ndef calc_rectangle_area(length, width):\n    return length * width\n```", "```py\nimport unittest\nimport calc\n\nclass TestRectangleArea(unittest.TestCase):\n    def test_area_calculation(self):\n        self.assertEqual(calc.calc_rectangle_area(2, 4), 8, \"Incorrect area for a rectangle with length 2 and width 4\")\n        self.assertEqual(calc.calc_rectangle_area(3, 5), 15, \"Incorrect area for a rectangle with length 3 and width 5\")\n        self.assertEqual(calc.calc_rectangle_area(10, 10), 100, \"Incorrect area for a rectangle with length 10 and width 10\")\n\nif __name__ == '__main__':\n    unittest.main() \n```", "```py\n-----------------------------------------------------------\nRan 1 test in 0.001s\n\nOK \n```", "```py\ndef calc_rectangle_area(length, width):\n     return length * width * 2 \n```", "```py\nself.assertEqual(calc.calc_rectangle_area(2, 4), 8, \"Incorrect area for a rectangle with length 2 and width 4\")\nAssertionError: 16 != 8: Incorrect area for a rectangle with length 2 and width 4\n\n-----------------------------------------------------------\nRan 1 test in 0.001s\n\nFAILED (failures=1) \n```"]